[16:24:33] [ServerMain/INFO]: Building unoptimized datafixer
[16:24:35] [ServerMain/INFO]: Environment: authHost='https://authserver.mojang.com', accountsHost='https://api.mojang.com', sessionHost='https://sessionserver.mojang.com', servicesHost='https://api.minecraftservices.com', name='PROD'
[16:24:36] [ServerMain/INFO]: Loaded 7 recipes
[16:24:38] [Server thread/INFO]: Starting minecraft server version 1.19
[16:24:38] [Server thread/WARN]: ****************************
[16:24:38] [Server thread/WARN]: YOU ARE RUNNING THIS SERVER AS AN ADMINISTRATIVE OR ROOT USER. THIS IS NOT ADVISED.
[16:24:38] [Server thread/WARN]: YOU ARE OPENING YOURSELF UP TO POTENTIAL RISKS WHEN DOING THIS.
[16:24:38] [Server thread/WARN]: FOR MORE INFORMATION, SEE https://madelinemiller.dev/blog/root-minecraft-server/
[16:24:38] [Server thread/WARN]: ****************************
[16:24:38] [Server thread/INFO]: Loading properties
[16:24:38] [Server thread/INFO]: This server is running Paper version git-Paper-81 (MC: 1.19) (Implementing API version 1.19-R0.1-SNAPSHOT) (Git: 86f87ba)
[16:24:38] [Server thread/INFO]: Server Ping Player Sample Count: 12
[16:24:38] [Server thread/INFO]: Using 4 threads for Netty based IO
[16:24:38] [Server console handler/ERROR]: [TerminalConsole] Failed to read console input
java.io.IOException: The handle is invalid
	at java.io.FileInputStream.readBytes(Native Method) ~[?:?]
	at java.io.FileInputStream.read(Unknown Source) ~[?:?]
	at java.io.BufferedInputStream.read1(Unknown Source) ~[?:?]
	at java.io.BufferedInputStream.read(Unknown Source) ~[?:?]
	at sun.nio.cs.StreamDecoder.readBytes(Unknown Source) ~[?:?]
	at sun.nio.cs.StreamDecoder.implRead(Unknown Source) ~[?:?]
	at sun.nio.cs.StreamDecoder.read(Unknown Source) ~[?:?]
	at java.io.InputStreamReader.read(Unknown Source) ~[?:?]
	at java.io.BufferedReader.fill(Unknown Source) ~[?:?]
	at java.io.BufferedReader.readLine(Unknown Source) ~[?:?]
	at java.io.BufferedReader.readLine(Unknown Source) ~[?:?]
	at net.minecrell.terminalconsole.SimpleTerminalConsole.readCommands(SimpleTerminalConsole.java:180) ~[terminalconsoleappender-1.3.0.jar:?]
	at net.minecrell.terminalconsole.SimpleTerminalConsole.start(SimpleTerminalConsole.java:143) ~[terminalconsoleappender-1.3.0.jar:?]
	at net.minecraft.server.dedicated.DedicatedServer$1.run(DedicatedServer.java:107) ~[paper-1.19.jar:git-Paper-81]
	Suppressed: java.io.IOException: The handle is invalid
		at java.io.FileDescriptor.close0(Native Method) ~[?:?]
		at java.io.FileDescriptor.close(Unknown Source) ~[?:?]
		at java.io.FileInputStream$1.close(Unknown Source) ~[?:?]
		at java.io.FileDescriptor.closeAll(Unknown Source) ~[?:?]
		at java.io.FileInputStream.close(Unknown Source) ~[?:?]
		at java.io.BufferedInputStream.close(Unknown Source) ~[?:?]
		at sun.nio.cs.StreamDecoder.implClose(Unknown Source) ~[?:?]
		at sun.nio.cs.StreamDecoder.close(Unknown Source) ~[?:?]
		at java.io.InputStreamReader.close(Unknown Source) ~[?:?]
		at java.io.BufferedReader.close(Unknown Source) ~[?:?]
		at net.minecrell.terminalconsole.SimpleTerminalConsole.readCommands(SimpleTerminalConsole.java:183) ~[terminalconsoleappender-1.3.0.jar:?]
		at net.minecrell.terminalconsole.SimpleTerminalConsole.start(SimpleTerminalConsole.java:143) ~[terminalconsoleappender-1.3.0.jar:?]
		at net.minecraft.server.dedicated.DedicatedServer$1.run(DedicatedServer.java:107) ~[paper-1.19.jar:git-Paper-81]
[16:24:38] [Server thread/INFO]: Default game type: SURVIVAL
[16:24:38] [Server thread/INFO]: Generating keypair
[16:24:38] [Server thread/INFO]: Starting Minecraft server on 192.168.1.135:63384
[16:24:38] [Server thread/INFO]: Using default channel type
[16:24:38] [Server thread/INFO]: Paper: Using Java 11 compression from Velocity.
[16:24:38] [Server thread/INFO]: Paper: Using Java cipher from Velocity.
[16:24:39] [Server thread/INFO]: [InvSee++] Loading InvSeePlusPlus v0.12.7-SNAPSHOT
[16:24:39] [Server thread/INFO]: [OpeNLogin] Loading OpeNLogin v1.6.0
[16:24:39] [Server thread/INFO]: [PlasmoVoice] Loading PlasmoVoice v1.0.11
[16:24:39] [Server thread/INFO]: [ChatManager] Loading ChatManager v3.7.7
[16:24:39] [Server thread/INFO]: [InvSee++_Clear] Loading InvSeePlusPlus_Clear v0.12.7-SNAPSHOT
[16:24:39] [Server thread/INFO]: [InvSee++_Give] Loading InvSeePlusPlus_Give v0.12.7-SNAPSHOT
[16:24:39] [Server thread/INFO]: Server permissions file permissions.yml is empty, ignoring it
[16:24:39] [Server thread/WARN]: **** SERVER IS RUNNING IN OFFLINE/INSECURE MODE!
[16:24:39] [Server thread/WARN]: The server will make no attempt to authenticate usernames. Beware.
[16:24:39] [Server thread/WARN]: While this makes the game possible to play without internet access, it also opens up the ability for hackers to connect with any username they choose.
[16:24:39] [Server thread/WARN]: To change this, set "online-mode" to "true" in the server.properties file.
[16:24:39] [Server thread/INFO]: Preparing level "world"
[16:24:39] [Server thread/INFO]: -------- World Settings For [world] --------
[16:24:39] [Server thread/INFO]: Zombie Aggressive Towards Villager: true
[16:24:39] [Server thread/INFO]: Item Merge Radius: 3.5
[16:24:39] [Server thread/INFO]: Item Despawn Rate: 6000
[16:24:39] [Server thread/INFO]: View Distance: 32
[16:24:39] [Server thread/INFO]: Simulation Distance: 32
[16:24:39] [Server thread/INFO]: Experience Merge Radius: 4.0
[16:24:39] [Server thread/INFO]: Cactus Growth Modifier: 100%
[16:24:39] [Server thread/INFO]: Cane Growth Modifier: 100%
[16:24:39] [Server thread/INFO]: Melon Growth Modifier: 100%
[16:24:39] [Server thread/INFO]: Mushroom Growth Modifier: 100%
[16:24:39] [Server thread/INFO]: Pumpkin Growth Modifier: 100%
[16:24:39] [Server thread/INFO]: Sapling Growth Modifier: 100%
[16:24:39] [Server thread/INFO]: Beetroot Growth Modifier: 100%
[16:24:39] [Server thread/INFO]: Carrot Growth Modifier: 100%
[16:24:39] [Server thread/INFO]: Potato Growth Modifier: 100%
[16:24:39] [Server thread/INFO]: Wheat Growth Modifier: 100%
[16:24:39] [Server thread/INFO]: NetherWart Growth Modifier: 100%
[16:24:39] [Server thread/INFO]: Vine Growth Modifier: 100%
[16:24:39] [Server thread/INFO]: Cocoa Growth Modifier: 100%
[16:24:39] [Server thread/INFO]: Bamboo Growth Modifier: 100%
[16:24:39] [Server thread/INFO]: SweetBerry Growth Modifier: 100%
[16:24:39] [Server thread/INFO]: Kelp Growth Modifier: 100%
[16:24:39] [Server thread/INFO]: TwistingVines Growth Modifier: 100%
[16:24:39] [Server thread/INFO]: WeepingVines Growth Modifier: 100%
[16:24:39] [Server thread/INFO]: CaveVines Growth Modifier: 100%
[16:24:39] [Server thread/INFO]: GlowBerry Growth Modifier: 100%
[16:24:39] [Server thread/INFO]: Entity Activation Range: An 28 / Mo 32 / Ra 48 / Mi 12 / Tiv true / Isa false
[16:24:39] [Server thread/INFO]: Hopper Transfer: 8 Hopper Check: 1 Hopper Amount: 1 Hopper Can Load Chunks: false
[16:24:39] [Server thread/INFO]: Custom Map Seeds:  Village: 10387312 Desert: 14357617 Igloo: 14357618 Jungle: 14357619 Swamp: 14357620 Monument: 10387313 Ocean: 14357621 Shipwreck: 165745295 End City: 10387313 Slime: 987234911 Nether: 30084232 Mansion: 10387319 Fossil: 14357921 Portal: 34222645
[16:24:39] [Server thread/INFO]: Entity Tracking Range: Pl 48 / An 28 / Mo 32 / Mi 12 / Other 64
[16:24:39] [Server thread/INFO]: Max TNT Explosions: 100
[16:24:39] [Server thread/INFO]: Tile Max Tick Time: 1000ms Entity max Tick Time: 1000ms
[16:24:39] [Server thread/INFO]: Nerfing mobs spawned from spawners: false
[16:24:39] [Server thread/INFO]: Arrow Despawn Rate: 1200 Trident Respawn Rate:1200
[16:24:39] [Server thread/INFO]: Allow Zombie Pigmen to spawn from portal blocks: true
[16:24:39] [Server thread/INFO]: Mob Spawn Range: 6
[16:24:40] [Server thread/INFO]: -------- World Settings For [world_nether] --------
[16:24:40] [Server thread/INFO]: Zombie Aggressive Towards Villager: true
[16:24:40] [Server thread/INFO]: Item Merge Radius: 3.5
[16:24:40] [Server thread/INFO]: Item Despawn Rate: 6000
[16:24:40] [Server thread/INFO]: View Distance: 32
[16:24:40] [Server thread/INFO]: Simulation Distance: 32
[16:24:40] [Server thread/INFO]: Experience Merge Radius: 4.0
[16:24:40] [Server thread/INFO]: Cactus Growth Modifier: 100%
[16:24:40] [Server thread/INFO]: Cane Growth Modifier: 100%
[16:24:40] [Server thread/INFO]: Melon Growth Modifier: 100%
[16:24:40] [Server thread/INFO]: Mushroom Growth Modifier: 100%
[16:24:40] [Server thread/INFO]: Pumpkin Growth Modifier: 100%
[16:24:40] [Server thread/INFO]: Sapling Growth Modifier: 100%
[16:24:40] [Server thread/INFO]: Beetroot Growth Modifier: 100%
[16:24:40] [Server thread/INFO]: Carrot Growth Modifier: 100%
[16:24:40] [Server thread/INFO]: Potato Growth Modifier: 100%
[16:24:40] [Server thread/INFO]: Wheat Growth Modifier: 100%
[16:24:40] [Server thread/INFO]: NetherWart Growth Modifier: 100%
[16:24:40] [Server thread/INFO]: Vine Growth Modifier: 100%
[16:24:40] [Server thread/INFO]: Cocoa Growth Modifier: 100%
[16:24:40] [Server thread/INFO]: Bamboo Growth Modifier: 100%
[16:24:40] [Server thread/INFO]: SweetBerry Growth Modifier: 100%
[16:24:40] [Server thread/INFO]: Kelp Growth Modifier: 100%
[16:24:40] [Server thread/INFO]: TwistingVines Growth Modifier: 100%
[16:24:40] [Server thread/INFO]: WeepingVines Growth Modifier: 100%
[16:24:40] [Server thread/INFO]: CaveVines Growth Modifier: 100%
[16:24:40] [Server thread/INFO]: GlowBerry Growth Modifier: 100%
[16:24:40] [Server thread/INFO]: Entity Activation Range: An 28 / Mo 32 / Ra 48 / Mi 12 / Tiv true / Isa false
[16:24:40] [Server thread/INFO]: Hopper Transfer: 8 Hopper Check: 1 Hopper Amount: 1 Hopper Can Load Chunks: false
[16:24:40] [Server thread/INFO]: Custom Map Seeds:  Village: 10387312 Desert: 14357617 Igloo: 14357618 Jungle: 14357619 Swamp: 14357620 Monument: 10387313 Ocean: 14357621 Shipwreck: 165745295 End City: 10387313 Slime: 987234911 Nether: 30084232 Mansion: 10387319 Fossil: 14357921 Portal: 34222645
[16:24:40] [Server thread/INFO]: Entity Tracking Range: Pl 48 / An 28 / Mo 32 / Mi 12 / Other 64
[16:24:40] [Server thread/INFO]: Max TNT Explosions: 100
[16:24:40] [Server thread/INFO]: Tile Max Tick Time: 1000ms Entity max Tick Time: 1000ms
[16:24:40] [Server thread/INFO]: Nerfing mobs spawned from spawners: false
[16:24:40] [Server thread/INFO]: Arrow Despawn Rate: 1200 Trident Respawn Rate:1200
[16:24:40] [Server thread/INFO]: Allow Zombie Pigmen to spawn from portal blocks: true
[16:24:40] [Server thread/INFO]: Mob Spawn Range: 6
[16:24:40] [Server thread/INFO]: -------- World Settings For [world_the_end] --------
[16:24:40] [Server thread/INFO]: Zombie Aggressive Towards Villager: true
[16:24:40] [Server thread/INFO]: Item Merge Radius: 3.5
[16:24:40] [Server thread/INFO]: Item Despawn Rate: 6000
[16:24:40] [Server thread/INFO]: View Distance: 32
[16:24:40] [Server thread/INFO]: Simulation Distance: 32
[16:24:40] [Server thread/INFO]: Experience Merge Radius: 4.0
[16:24:40] [Server thread/INFO]: Cactus Growth Modifier: 100%
[16:24:40] [Server thread/INFO]: Cane Growth Modifier: 100%
[16:24:40] [Server thread/INFO]: Melon Growth Modifier: 100%
[16:24:40] [Server thread/INFO]: Mushroom Growth Modifier: 100%
[16:24:40] [Server thread/INFO]: Pumpkin Growth Modifier: 100%
[16:24:40] [Server thread/INFO]: Sapling Growth Modifier: 100%
[16:24:40] [Server thread/INFO]: Beetroot Growth Modifier: 100%
[16:24:40] [Server thread/INFO]: Carrot Growth Modifier: 100%
[16:24:40] [Server thread/INFO]: Potato Growth Modifier: 100%
[16:24:40] [Server thread/INFO]: Wheat Growth Modifier: 100%
[16:24:40] [Server thread/INFO]: NetherWart Growth Modifier: 100%
[16:24:40] [Server thread/INFO]: Vine Growth Modifier: 100%
[16:24:40] [Server thread/INFO]: Cocoa Growth Modifier: 100%
[16:24:40] [Server thread/INFO]: Bamboo Growth Modifier: 100%
[16:24:40] [Server thread/INFO]: SweetBerry Growth Modifier: 100%
[16:24:40] [Server thread/INFO]: Kelp Growth Modifier: 100%
[16:24:40] [Server thread/INFO]: TwistingVines Growth Modifier: 100%
[16:24:40] [Server thread/INFO]: WeepingVines Growth Modifier: 100%
[16:24:40] [Server thread/INFO]: CaveVines Growth Modifier: 100%
[16:24:40] [Server thread/INFO]: GlowBerry Growth Modifier: 100%
[16:24:40] [Server thread/INFO]: Entity Activation Range: An 28 / Mo 32 / Ra 48 / Mi 12 / Tiv true / Isa false
[16:24:40] [Server thread/INFO]: Hopper Transfer: 8 Hopper Check: 1 Hopper Amount: 1 Hopper Can Load Chunks: false
[16:24:40] [Server thread/INFO]: Custom Map Seeds:  Village: 10387312 Desert: 14357617 Igloo: 14357618 Jungle: 14357619 Swamp: 14357620 Monument: 10387313 Ocean: 14357621 Shipwreck: 165745295 End City: 10387313 Slime: 987234911 Nether: 30084232 Mansion: 10387319 Fossil: 14357921 Portal: 34222645
[16:24:40] [Server thread/INFO]: Entity Tracking Range: Pl 48 / An 28 / Mo 32 / Mi 12 / Other 64
[16:24:40] [Server thread/INFO]: Max TNT Explosions: 100
[16:24:40] [Server thread/INFO]: Tile Max Tick Time: 1000ms Entity max Tick Time: 1000ms
[16:24:40] [Server thread/INFO]: Nerfing mobs spawned from spawners: false
[16:24:40] [Server thread/INFO]: Arrow Despawn Rate: 1200 Trident Respawn Rate:1200
[16:24:40] [Server thread/INFO]: Allow Zombie Pigmen to spawn from portal blocks: true
[16:24:40] [Server thread/INFO]: Mob Spawn Range: 6
[16:24:40] [Server thread/INFO]: Preparing start region for dimension minecraft:overworld
[16:24:40] [Server thread/INFO]: Time elapsed: 300 ms
[16:24:40] [Server thread/INFO]: Preparing start region for dimension minecraft:the_nether
[16:24:40] [Server thread/INFO]: Time elapsed: 121 ms
[16:24:40] [Server thread/INFO]: Preparing start region for dimension minecraft:the_end
[16:24:40] [Server thread/INFO]: Time elapsed: 88 ms
[16:24:40] [Server thread/INFO]: [InvSee++] Enabling InvSeePlusPlus v0.12.7-SNAPSHOT
[16:24:41] [Server thread/INFO]: [OpeNLogin] Enabling OpeNLogin v1.6.0
[16:24:41] [Server thread/INFO]: [OpeNLogin]    ___                __  __             _ 
[16:24:41] [Server thread/INFO]: [OpeNLogin]   /___\_ __   ___  /\ \ \/ /  ___   __ _(_)_ __
[16:24:41] [Server thread/INFO]: [OpeNLogin]  //  // '_ \ / _ \/  \/ / /  / _ \ / _` | | '_ \
[16:24:41] [Server thread/INFO]: [OpeNLogin] / \_//| |_) |  __/ /\  / /__| (_) | (_| | | | | |
[16:24:41] [Server thread/INFO]: [OpeNLogin] \___/ | .__/ \___\_\ \/\____/\___/ \__, |_|_| |_|
[16:24:41] [Server thread/INFO]: [OpeNLogin]       |_|                          |___/         
[16:24:41] [Server thread/INFO]: [OpeNLogin] By: www.nickuc.com / github.com/nickuc/OpeNLogin - V 1.6.0
[16:24:41] [Server thread/INFO]: [OpeNLogin] 
[16:24:41] [Server thread/INFO]: [PlasmoVoice] Enabling PlasmoVoice v1.0.11
[16:24:41] [Thread-7/INFO]: [PlasmoVoice] Voice UDP server started on /0.0.0.0:63384
[16:24:41] [Server thread/INFO]: [ChatManager] Enabling ChatManager v3.7.7
[16:24:42] [Server thread/INFO]: [ChatManager] Vault is required to use chat manager, disabling plugin!
[16:24:42] [Server thread/INFO]: [ChatManager] Disabling ChatManager v3.7.7
[16:24:42] [Server thread/INFO]: [InvSee++_Clear] Enabling InvSeePlusPlus_Clear v0.12.7-SNAPSHOT
[16:24:42] [Server thread/INFO]: [InvSee++_Give] Enabling InvSeePlusPlus_Give v0.12.7-SNAPSHOT
[16:24:42] [Server thread/INFO]: Running delayed init tasks
[16:24:42] [Server thread/INFO]: Done (3.959s)! For help, type "help"
[16:24:42] [Server thread/INFO]: Timings Reset
[16:25:24] [User Authenticator #1/INFO]: UUID of player Game is b7934667-7189-3568-b13c-0f2edad2efa3
[16:25:24] [Server thread/INFO]: Game joined the game
[16:25:24] [Server thread/INFO]: Game[/192.168.1.135:54180] logged in with entity id 129 at ([world]581.8735904198245, 69.0, -828.032443122028)
[16:25:31] [Server thread/INFO]: Game lost connection: Disconnected
[16:25:31] [Server thread/INFO]: Game left the game
[16:30:27] [User Authenticator #2/INFO]: UUID of player Prosto4kn1 is aeece793-28f1-3fa6-bae9-bc698af305d7
[16:30:27] [Server thread/INFO]: Prosto4kn1 joined the game
[16:30:27] [Server thread/INFO]: Prosto4kn1[/37.18.41.173:58755] logged in with entity id 495 at ([world]1646.592210791096, 89.0, -4525.90670496054)
[16:30:42] [Server thread/INFO]: Prosto4kn1 lost connection: Disconnected
[16:30:42] [Server thread/INFO]: Prosto4kn1 left the game
[16:59:27] [Server thread/INFO]: Stopping the server
[16:59:27] [Server thread/INFO]: Stopping server
[16:59:27] [Server thread/INFO]: [InvSee++_Give] Disabling InvSeePlusPlus_Give v0.12.7-SNAPSHOT
[16:59:27] [Server thread/INFO]: [InvSee++_Clear] Disabling InvSeePlusPlus_Clear v0.12.7-SNAPSHOT
[16:59:27] [Server thread/INFO]: [PlasmoVoice] Disabling PlasmoVoice v1.0.11
[16:59:27] [Server thread/INFO]: [OpeNLogin] Disabling OpeNLogin v1.6.0
[16:59:27] [Server thread/INFO]: [InvSee++] Disabling InvSeePlusPlus v0.12.7-SNAPSHOT
[16:59:27] [Server thread/INFO]: Saving players
[16:59:27] [Server thread/INFO]: Saving worlds
[16:59:27] [Server thread/INFO]: Saving chunks for level 'ServerLevel[world]'/minecraft:overworld
[16:59:29] [Server thread/INFO]: Saving chunks for level 'ServerLevel[world_nether]'/minecraft:the_nether
[16:59:29] [Server thread/INFO]: Saving chunks for level 'ServerLevel[world_the_end]'/minecraft:the_end
[16:59:29] [Server thread/INFO]: ThreadedAnvilChunkStorage (world): All chunks are saved
[16:59:29] [Server thread/INFO]: ThreadedAnvilChunkStorage (DIM-1): All chunks are saved
[16:59:29] [Server thread/INFO]: ThreadedAnvilChunkStorage (DIM1): All chunks are saved
[16:59:29] [Server thread/INFO]: ThreadedAnvilChunkStorage: All dimensions are saved
[16:59:29] [Server thread/INFO]: Saving usercache.json
[16:59:29] [Server thread/INFO]: Flushing Chunk IO
[16:59:29] [Server thread/INFO]: Closing Thread Pool
[16:59:29] [Server thread/INFO]: Closing Server
